0 info it worked if it ends with ok
1 verbose cli [ 'node',
1 verbose cli   '/Users/dannymeyer/.meteor/packages/meteor-tool/.1.3.5_1.iti7m++os.osx.x86_64+web.browser+web.cordova/mt-os.osx.x86_64/dev_bundle/bin/npm',
1 verbose cli   'install',
1 verbose cli   '--save',
1 verbose cli   '{universe:react-grid-layout}' ]
2 info using npm@3.10.5
3 info using node@v0.10.46
4 silly loadCurrentTree Starting
5 silly install loadCurrentTree
6 silly install readLocalPackageData
7 silly fetchPackageMetaData {universe:react-grid-layout}
8 silly fetchOtherPackageData {universe:react-grid-layout}
9 silly cache add args [ '{universe:react-grid-layout}', null ]
10 verbose cache add spec {universe:react-grid-layout}
11 silly cache add parsed spec { raw: '{universe:react-grid-layout}',
11 silly cache add   scope: null,
11 silly cache add   escapedName: null,
11 silly cache add   name: null,
11 silly cache add   rawSpec: '{universe:react-grid-layout}',
11 silly cache add   spec: '/Users/dannymeyer/Documents/projects/React/todo/{universe:react-grid-layout}',
11 silly cache add   type: 'local' }
12 error addLocal Could not install /Users/dannymeyer/Documents/projects/React/todo/{universe:react-grid-layout}
13 silly fetchPackageMetaData Error: ENOENT, open '/Users/dannymeyer/Documents/projects/React/todo/{universe:react-grid-layout}'
13 silly fetchPackageMetaData  error for {universe:react-grid-layout} { [Error: ENOENT, open '/Users/dannymeyer/Documents/projects/React/todo/{universe:react-grid-layout}']
13 silly fetchPackageMetaData   errno: 34,
13 silly fetchPackageMetaData   code: 'ENOENT',
13 silly fetchPackageMetaData   path: '/Users/dannymeyer/Documents/projects/React/todo/{universe:react-grid-layout}' }
14 silly rollbackFailedOptional Starting
15 silly rollbackFailedOptional Finishing
16 silly runTopLevelLifecycles Starting
17 silly runTopLevelLifecycles Finishing
18 silly install printInstalled
19 verbose stack Error: ENOENT, open '/Users/dannymeyer/Documents/projects/React/todo/{universe:react-grid-layout}'
20 verbose cwd /Users/dannymeyer/Documents/projects/React/todo
21 error Darwin 15.5.0
22 error argv "node" "/Users/dannymeyer/.meteor/packages/meteor-tool/.1.3.5_1.iti7m++os.osx.x86_64+web.browser+web.cordova/mt-os.osx.x86_64/dev_bundle/bin/npm" "install" "--save" "{universe:react-grid-layout}"
23 error node v0.10.46
24 error npm  v3.10.5
25 error path /Users/dannymeyer/Documents/projects/React/todo/{universe:react-grid-layout}
26 error code ENOENT
27 error errno 34
28 error enoent ENOENT, open '/Users/dannymeyer/Documents/projects/React/todo/{universe:react-grid-layout}'
29 error enoent ENOENT, open '/Users/dannymeyer/Documents/projects/React/todo/{universe:react-grid-layout}'
29 error enoent This is most likely not a problem with npm itself
29 error enoent and is related to npm not being able to find a file.
30 verbose exit [ 34, true ]
